[04:39:20] [main/INFO]: LiteLoader 1.7.10_04 starting up...
[04:39:20] [main/INFO]: Java reports OS="windows 8.1"
[04:39:20] [main/INFO]: Enumerating class path...
[04:39:20] [main/INFO]: Class path separator=";"
[04:39:20] [main/INFO]: Class path entries=(
   classpathEntry=C:/Users/ccaud/Desktop/MultiMC/jars/NewLaunch.jar
)
[04:39:20] [main/INFO]: Registering discovery module EnumeratorModuleClassPath: [<Java Class Path>]
[04:39:20] [main/INFO]: Registering discovery module EnumeratorModuleFolder: [C:\Users\ccaud\Desktop\MultiMC\instances\STB4\minecraft\mods]
[04:39:20] [main/INFO]: Registering discovery module EnumeratorModuleFolder: [C:\Users\ccaud\Desktop\MultiMC\instances\STB4\minecraft\mods\1.7.10]
[04:39:20] [main/INFO]: Adding supported mod class prefix 'LiteMod'
[04:39:20] [main/INFO]: Discovering tweaks on class path...
[04:39:20] [main/INFO]: Discovering valid mod files in folder C:\Users\ccaud\Desktop\MultiMC\instances\STB4\minecraft\mods
[04:39:20] [main/INFO]: Discovering valid mod files in folder C:\Users\ccaud\Desktop\MultiMC\instances\STB4\minecraft\mods\1.7.10
[04:39:20] [main/INFO]: Searching for tweaks in 'Baubles-1.7.10-1.0.1.10.jar'
[04:39:20] [main/WARN]: Error parsing manifest entries in 'C:\Users\ccaud\Desktop\MultiMC\instances\STB4\minecraft\mods\1.7.10\Baubles-1.7.10-1.0.1.10.jar'
[04:39:20] [main/INFO]: Searching for tweaks in 'CodeChickenLib-1.7.10-1.1.3.138-universal.jar'
[04:39:20] [main/WARN]: Error parsing manifest entries in 'C:\Users\ccaud\Desktop\MultiMC\instances\STB4\minecraft\mods\1.7.10\CodeChickenLib-1.7.10-1.1.3.138-universal.jar'
[04:39:21] [main/INFO]: Searching for tweaks in 'commons-codec-1.9.jar'
[04:39:21] [main/WARN]: Error parsing manifest entries in 'C:\Users\ccaud\Desktop\MultiMC\instances\STB4\minecraft\mods\1.7.10\commons-codec-1.9.jar'
[04:39:21] [main/INFO]: Searching for tweaks in 'commons-compress-1.8.1.jar'
[04:39:21] [main/WARN]: Error parsing manifest entries in 'C:\Users\ccaud\Desktop\MultiMC\instances\STB4\minecraft\mods\1.7.10\commons-compress-1.8.1.jar'
[04:39:21] [main/INFO]: Searching for tweaks in 'ForgeMultipart-1.7.10-1.2.0.345-universal.jar'
[04:39:21] [main/WARN]: Error parsing manifest entries in 'C:\Users\ccaud\Desktop\MultiMC\instances\STB4\minecraft\mods\1.7.10\ForgeMultipart-1.7.10-1.2.0.345-universal.jar'
[04:39:21] [main/INFO]: Searching for tweaks in 'LibSandstone-1.0.0.jar'
[04:39:21] [main/WARN]: Error parsing manifest entries in 'C:\Users\ccaud\Desktop\MultiMC\instances\STB4\minecraft\mods\1.7.10\LibSandstone-1.0.0.jar'
[04:39:21] [main/INFO]: Considering valid mod file: C:\Users\ccaud\Desktop\MultiMC\instances\STB4\minecraft\mods\1.7.10\mod_worldeditcui_1.7.10_00_mc1.7.10.litemod
[04:39:21] [main/INFO]: Adding newest valid mod file 'C:\Users\ccaud\Desktop\MultiMC\instances\STB4\minecraft\mods\1.7.10\mod_worldeditcui_1.7.10_00_mc1.7.10.litemod' at revision 1727.0000
[04:39:21] [main/INFO]: LiteLoader PREINIT complete
[04:39:23] [main/INFO]: Injecting onstartupcomplete[x1] in func_71384_a in Minecraft
[04:39:23] [main/INFO]: Injecting prerenderfbo[x1] in func_71411_J in Minecraft
[04:39:23] [main/INFO]: Injecting postrenderfbo[x1] in func_71411_J in Minecraft
[04:39:23] [main/INFO]: Injecting ontimerupdate[x1] in func_71411_J in Minecraft
[04:39:23] [main/INFO]: Injecting onrender[x1] in func_71411_J in Minecraft
[04:39:23] [main/INFO]: Injecting ontick[x1] in func_71411_J in Minecraft
[04:39:23] [main/INFO]: Injecting updateframebuffersize[x1] in func_147119_ah in Minecraft
[04:39:23] [main/INFO]: Injecting newtick[x1] in func_71407_l in Minecraft
[04:39:23] [main/INFO]: Applying overlay com.mumfrey.liteloader.client.overlays.MinecraftOverlay to net.minecraft.client.Minecraft
[04:39:23] [main/INFO]: MinecraftOverlayTransformer found INIT injection point, this is good.
[04:39:23] [main/INFO]: Injecting onoutboundchat[x1] in func_71165_d in EntityClientPlayerMP
[04:39:23] [main/INFO]: Injecting onrenderchat[x1] in func_73830_a in GuiIngame
[04:39:23] [main/INFO]: Injecting postrenderchat[x1] in func_73830_a in GuiIngame
[04:39:23] [main/INFO]: Injecting onc16packetclientstatus[x1] in func_148833_a in C16PacketClientStatus
[04:39:23] [main/INFO]: Injecting onc00handshake[x1] in func_148833_a in C00Handshake
[04:39:23] [main/INFO]: Injecting onc00packetloginstart[x1] in func_148833_a in C00PacketLoginStart
[04:39:24] [main/INFO]: Injecting ons03packettimeupdate[x1] in func_148833_a in S03PacketTimeUpdate
[04:39:25] [main/INFO]: Injecting ons34packetmaps[x1] in func_148833_a in S34PacketMaps
[04:39:26] [Client thread/INFO]: Injecting onc15packetclientsettings[x1] in func_148833_a in C15PacketClientSettings
[04:39:26] [Client thread/INFO]: Injecting ons23packetblockchange[x1] in func_148833_a in S23PacketBlockChange
[04:39:27] [Client thread/INFO]: Injecting oncreateintegratedserver[x1] in <init> in IntegratedServer
[04:39:27] [Client thread/INFO]: Injecting prerendergui[x1] in func_78480_b in EntityRenderer
[04:39:27] [Client thread/INFO]: Injecting onrenderhud[x1] in func_78480_b in EntityRenderer
[04:39:27] [Client thread/INFO]: Injecting postrenderhud[x1] in func_78480_b in EntityRenderer
[04:39:27] [Client thread/INFO]: Injecting onrenderworld[x1] in func_78471_a in EntityRenderer
[04:39:27] [Client thread/INFO]: Injecting onsetupcameratransform[x1] in func_78471_a in EntityRenderer
[04:39:27] [Client thread/INFO]: Injecting postrenderentities[x1] in func_78471_a in EntityRenderer
[04:39:27] [Client thread/INFO]: Injecting postrender[x1] in func_78471_a in EntityRenderer
[04:39:27] [Client thread/INFO]: Injecting postrender[x1] in func_78471_a in EntityRenderer
[04:39:27] [Client thread/INFO]: Injecting ons35packetupdatetileentity[x1] in func_148833_a in S35PacketUpdateTileEntity
[04:39:27] [Client thread/INFO]: Injecting renderfbo[x1] in func_147615_c in Framebuffer
[04:39:40] [Client thread/INFO]: Injecting ons21packetchunkdata[x1] in func_148833_a in S21PacketChunkData
[04:39:42] [Client thread/INFO]: Injecting ons0dpacketcollectitem[x1] in func_148833_a in S0DPacketCollectItem
[04:39:42] [Client thread/INFO]: Injecting ons0bpacketanimation[x1] in func_148833_a in S0BPacketAnimation
[04:39:42] [Client thread/INFO]: Injecting ons04packetentityequipment[x1] in func_148833_a in S04PacketEntityEquipment
[04:39:44] [Client thread/INFO]: Injecting ons3fpacketcustompayload[x1] in func_148833_a in S3FPacketCustomPayload
[04:39:44] [Client thread/INFO]: Injecting onc17packetcustompayload[x1] in func_148833_a in C17PacketCustomPayload
[04:39:44] [Client thread/INFO]: Injecting ons00packetkeepalive[x1] in func_148833_a in S00PacketKeepAlive
[04:39:44] [Client thread/INFO]: Injecting ons01packetjoingame[x1] in func_148833_a in S01PacketJoinGame
[04:39:44] [Client thread/INFO]: Injecting ons02packetchat[x1] in func_148833_a in S02PacketChat
[04:39:44] [Client thread/INFO]: Injecting ons05packetspawnposition[x1] in func_148833_a in S05PacketSpawnPosition
[04:39:44] [Client thread/INFO]: Injecting ons06packetupdatehealth[x1] in func_148833_a in S06PacketUpdateHealth
[04:39:44] [Client thread/INFO]: Injecting ons07packetrespawn[x1] in func_148833_a in S07PacketRespawn
[04:39:44] [Client thread/INFO]: Injecting ons08packetplayerposlook[x1] in func_148833_a in S08PacketPlayerPosLook
[04:39:44] [Client thread/INFO]: Injecting ons09packethelditemchange[x1] in func_148833_a in S09PacketHeldItemChange
[04:39:44] [Client thread/INFO]: Injecting ons0apacketusebed[x1] in func_148833_a in S0APacketUseBed
[04:39:44] [Client thread/INFO]: Injecting ons0cpacketspawnplayer[x1] in func_148833_a in S0CPacketSpawnPlayer
[04:39:44] [Client thread/INFO]: Injecting ons0epacketspawnobject[x1] in func_148833_a in S0EPacketSpawnObject
[04:39:44] [Client thread/INFO]: Injecting ons0fpacketspawnmob[x1] in func_148833_a in S0FPacketSpawnMob
[04:39:44] [Client thread/INFO]: Injecting ons10packetspawnpainting[x1] in func_148833_a in S10PacketSpawnPainting
[04:39:44] [Client thread/INFO]: Injecting ons11packetspawnexperienceorb[x1] in func_148833_a in S11PacketSpawnExperienceOrb
[04:39:44] [Client thread/INFO]: Injecting ons12packetentityvelocity[x1] in func_148833_a in S12PacketEntityVelocity
[04:39:44] [Client thread/INFO]: Injecting ons13packetdestroyentities[x1] in func_148833_a in S13PacketDestroyEntities
[04:39:44] [Client thread/INFO]: Injecting ons14packetentity[x1] in func_148833_a in S14PacketEntity
[04:39:44] [Client thread/INFO]: Injecting ons15packetentityrelmove[x1] in func_148833_a in S14PacketEntity$S15PacketEntityRelMove
[04:39:44] [Client thread/INFO]: Injecting ons16packetentitylook[x1] in func_148833_a in S14PacketEntity$S16PacketEntityLook
[04:39:44] [Client thread/INFO]: Injecting ons17packetentitylookmove[x1] in func_148833_a in S14PacketEntity$S17PacketEntityLookMove
[04:39:44] [Client thread/INFO]: Injecting ons18packetentityteleport[x1] in func_148833_a in S18PacketEntityTeleport
[04:39:44] [Client thread/INFO]: Injecting ons19packetentityheadlook[x1] in func_148833_a in S19PacketEntityHeadLook
[04:39:44] [Client thread/INFO]: Injecting ons19packetentitystatus[x1] in func_148833_a in S19PacketEntityStatus
[04:39:44] [Client thread/INFO]: Injecting ons1bpacketentityattach[x1] in func_148833_a in S1BPacketEntityAttach
[04:39:44] [Client thread/INFO]: Injecting ons1cpacketentitymetadata[x1] in func_148833_a in S1CPacketEntityMetadata
[04:39:44] [Client thread/INFO]: Injecting ons1dpacketentityeffect[x1] in func_148833_a in S1DPacketEntityEffect
[04:39:44] [Client thread/INFO]: Injecting ons1epacketremoveentityeffect[x1] in func_148833_a in S1EPacketRemoveEntityEffect
[04:39:44] [Client thread/INFO]: Injecting ons1fpacketsetexperience[x1] in func_148833_a in S1FPacketSetExperience
[04:39:44] [Client thread/INFO]: Injecting ons20packetentityproperties[x1] in func_148833_a in S20PacketEntityProperties
[04:39:44] [Client thread/INFO]: Injecting ons22packetmultiblockchange[x1] in func_148833_a in S22PacketMultiBlockChange
[04:39:45] [Client thread/INFO]: Injecting ons24packetblockaction[x1] in func_148833_a in S24PacketBlockAction
[04:39:45] [Client thread/INFO]: Injecting ons25packetblockbreakanim[x1] in func_148833_a in S25PacketBlockBreakAnim
[04:39:45] [Client thread/INFO]: Injecting ons26packetmapchunkbulk[x1] in func_148833_a in S26PacketMapChunkBulk
[04:39:45] [Client thread/INFO]: Injecting ons27packetexplosion[x1] in func_148833_a in S27PacketExplosion
[04:39:45] [Client thread/INFO]: Injecting ons28packeteffect[x1] in func_148833_a in S28PacketEffect
[04:39:45] [Client thread/INFO]: Injecting ons29packetsoundeffect[x1] in func_148833_a in S29PacketSoundEffect
[04:39:45] [Client thread/INFO]: Injecting ons2apacketparticles[x1] in func_148833_a in S2APacketParticles
[04:39:45] [Client thread/INFO]: Injecting ons2bpacketchangegamestate[x1] in func_148833_a in S2BPacketChangeGameState
[04:39:45] [Client thread/INFO]: Injecting ons2cpacketspawnglobalentity[x1] in func_148833_a in S2CPacketSpawnGlobalEntity
[04:39:45] [Client thread/INFO]: Injecting ons2dpacketopenwindow[x1] in func_148833_a in S2DPacketOpenWindow
[04:39:45] [Client thread/INFO]: Injecting ons2epacketclosewindow[x1] in func_148833_a in S2EPacketCloseWindow
[04:39:45] [Client thread/INFO]: Injecting ons2fpacketsetslot[x1] in func_148833_a in S2FPacketSetSlot
[04:39:45] [Client thread/INFO]: Injecting ons30packetwindowitems[x1] in func_148833_a in S30PacketWindowItems
[04:39:45] [Client thread/INFO]: Injecting ons31packetwindowproperty[x1] in func_148833_a in S31PacketWindowProperty
[04:39:45] [Client thread/INFO]: Injecting ons32packetconfirmtransaction[x1] in func_148833_a in S32PacketConfirmTransaction
[04:39:45] [Client thread/INFO]: Injecting ons33packetupdatesign[x1] in func_148833_a in S33PacketUpdateSign
[04:39:45] [Client thread/INFO]: Injecting ons36packetsigneditoropen[x1] in func_148833_a in S36PacketSignEditorOpen
[04:39:45] [Client thread/INFO]: Injecting ons37packetstatistics[x1] in func_148833_a in S37PacketStatistics
[04:39:45] [Client thread/INFO]: Injecting ons38packetplayerlistitem[x1] in func_148833_a in S38PacketPlayerListItem
[04:39:45] [Client thread/INFO]: Injecting ons39packetplayerabilities[x1] in func_148833_a in S39PacketPlayerAbilities
[04:39:45] [Client thread/INFO]: Injecting ons3apackettabcomplete[x1] in func_148833_a in S3APacketTabComplete
[04:39:45] [Client thread/INFO]: Injecting ons3bpacketscoreboardobjective[x1] in func_148833_a in S3BPacketScoreboardObjective
[04:39:45] [Client thread/INFO]: Injecting ons3cpacketupdatescore[x1] in func_148833_a in S3CPacketUpdateScore
[04:39:45] [Client thread/INFO]: Injecting ons3dpacketdisplayscoreboard[x1] in func_148833_a in S3DPacketDisplayScoreboard
[04:39:45] [Client thread/INFO]: Injecting ons3epacketteams[x1] in func_148833_a in S3EPacketTeams
[04:39:45] [Client thread/INFO]: Injecting ons40packetdisconnect[x1] in func_148833_a in S40PacketDisconnect
[04:39:45] [Client thread/INFO]: Injecting onc00packetkeepalive[x1] in func_148833_a in C00PacketKeepAlive
[04:39:45] [Client thread/INFO]: Injecting onc01packetchatmessage[x1] in func_148833_a in C01PacketChatMessage
[04:39:45] [Client thread/INFO]: Injecting onc02packetuseentity[x1] in func_148833_a in C02PacketUseEntity
[04:39:45] [Client thread/INFO]: Injecting onc03packetplayer[x1] in func_148833_a in C03PacketPlayer
[04:39:45] [Client thread/INFO]: Injecting onc04packetplayerposition[x1] in func_148833_a in C03PacketPlayer$C04PacketPlayerPosition
[04:39:45] [Client thread/INFO]: Injecting onc05packetplayerlook[x1] in func_148833_a in C03PacketPlayer$C05PacketPlayerLook
[04:39:45] [Client thread/INFO]: Injecting onc06packetplayerposlook[x1] in func_148833_a in C03PacketPlayer$C06PacketPlayerPosLook
[04:39:45] [Client thread/INFO]: Injecting onc07packetplayerdigging[x1] in func_148833_a in C07PacketPlayerDigging
[04:39:45] [Client thread/INFO]: Injecting onc08packetplayerblockplacement[x1] in func_148833_a in C08PacketPlayerBlockPlacement
[04:39:45] [Client thread/INFO]: Injecting onc09packethelditemchange[x1] in func_148833_a in C09PacketHeldItemChange
[04:39:45] [Client thread/INFO]: Injecting onc0apacketanimation[x1] in func_148833_a in C0APacketAnimation
[04:39:45] [Client thread/INFO]: Injecting onc0bpacketentityaction[x1] in func_148833_a in C0BPacketEntityAction
[04:39:45] [Client thread/INFO]: Injecting onc0cpacketinput[x1] in func_148833_a in C0CPacketInput
[04:39:45] [Client thread/INFO]: Injecting onc0dpacketclosewindow[x1] in func_148833_a in C0DPacketCloseWindow
[04:39:45] [Client thread/INFO]: Injecting onc0epacketclickwindow[x1] in func_148833_a in C0EPacketClickWindow
[04:39:45] [Client thread/INFO]: Injecting onc0fpacketconfirmtransaction[x1] in func_148833_a in C0FPacketConfirmTransaction
[04:39:45] [Client thread/INFO]: Injecting onc10packetcreativeinventoryaction[x1] in func_148833_a in C10PacketCreativeInventoryAction
[04:39:45] [Client thread/INFO]: Injecting onc11packetenchantitem[x1] in func_148833_a in C11PacketEnchantItem
[04:39:45] [Client thread/INFO]: Injecting onc12packetupdatesign[x1] in func_148833_a in C12PacketUpdateSign
[04:39:45] [Client thread/INFO]: Injecting onc13packetplayerabilities[x1] in func_148833_a in C13PacketPlayerAbilities
[04:39:45] [Client thread/INFO]: Injecting onc14packettabcomplete[x1] in func_148833_a in C14PacketTabComplete
[04:39:45] [Client thread/INFO]: Injecting ons00packetserverinfo[x1] in func_148833_a in S00PacketServerInfo
[04:39:45] [Client thread/INFO]: Injecting ons01packetpong[x1] in func_148833_a in S01PacketPong
[04:39:45] [Client thread/INFO]: Injecting ons00packetdisconnect[x1] in func_148833_a in S00PacketDisconnect
[04:39:45] [Client thread/INFO]: Injecting ons01packetencryptionrequest[x1] in func_148833_a in S01PacketEncryptionRequest
[04:39:45] [Client thread/INFO]: Injecting ons02packetloginsuccess[x1] in func_148833_a in S02PacketLoginSuccess
[04:39:45] [Client thread/INFO]: Injecting onc01packetencryptionresponse[x1] in func_148833_a in C01PacketEncryptionResponse
[04:39:46] [Client thread/INFO]: Injecting onplayerlogin[x1] in func_72377_c in ServerConfigurationManager
[04:39:46] [Client thread/INFO]: Injecting onplayerlogout[x1] in func_72367_e in ServerConfigurationManager
[04:39:46] [Client thread/INFO]: Injecting onspawnplayer[x1] in func_148545_a in ServerConfigurationManager
[04:39:46] [Client thread/INFO]: Injecting onrespawnplayer[x1] in func_72368_a in ServerConfigurationManager
[04:40:35] [Client thread/INFO]: Generating new Event Handler Proxy Class com.mumfrey.liteloader.core.event.EventProxy
[04:40:35] [Client thread/INFO]: Successfully generated event handler proxy class with 122 handlers(s) and 122 total invokations
[04:40:40] [Client thread/INFO]: JInput Component Registry is initialising...
[04:40:40] [Client thread/INFO]: Inspecting Keyboard controller HID Keyboard Device on Unknown...
[04:40:40] [Client thread/INFO]: Inspecting Keyboard controller HID Keyboard Device on Unknown...
[04:40:40] [Client thread/INFO]: Inspecting Keyboard controller HID Keyboard Device on Unknown...
[04:40:40] [Client thread/INFO]: Inspecting Keyboard controller HID Keyboard Device on Unknown...
[04:40:40] [Client thread/INFO]: Inspecting Mouse controller HID-compliant mouse on Unknown...
[04:40:40] [Client thread/INFO]: Inspecting Mouse controller HID-compliant mouse on Unknown...
[04:40:40] [Client thread/INFO]: Inspecting Unknown controller USB Advanced Audio Device on Unknown...
[04:40:40] [Client thread/INFO]: Inspecting Unknown controller Razer Taipan on Unknown...
[04:40:40] [Client thread/INFO]: Inspecting Unknown controller Rift DK2 Sensor USB on Unknown...
[04:40:40] [Client thread/INFO]: Inspecting Stick controller T.Flight Stick X on Unknown...
[04:40:40] [Client thread/INFO]: Inspecting Unknown controller Razer Taipan on Unknown...
[04:40:40] [Client thread/INFO]: Inspecting Unknown controller Razer BlackWidow on Unknown...
[04:40:40] [Client thread/INFO]: Inspecting Unknown controller Razer BlackWidow on Unknown...
[04:40:40] [Client thread/INFO]: Inspecting Unknown controller Razer BlackWidow on Unknown...
[04:40:40] [Client thread/INFO]: Inspecting Unknown controller Razer Taipan on Unknown...
[04:40:40] [Client thread/INFO]: Inspecting Unknown controller Razer BlackWidow on Unknown...
[04:40:40] [Client thread/INFO]: Inspecting Unknown controller Razer Taipan on Unknown...
[04:40:40] [Client thread/INFO]: Inspecting Unknown controller USB Advanced Audio Device on Unknown...
[04:40:40] [Client thread/INFO]: JInput Component Registry initialised, found 18 controller(s) 568 component(s)
[04:40:40] [Client thread/INFO]: LiteLoader begin INIT...
[04:40:41] [Client thread/INFO]: Baking listener list for CoreProvider with 2 listeners
[04:40:41] [Client thread/INFO]: Injecting external mods into class path...
[04:40:41] [Client thread/INFO]: Injecting external mods into class path...
[04:40:41] [Client thread/INFO]: Successfully injected mod file 'C:\Users\ccaud\Desktop\MultiMC\instances\STB4\minecraft\mods\1.7.10\mod_worldeditcui_1.7.10_00_mc1.7.10.litemod' into classpath
[04:40:41] [Client thread/INFO]: Discovering mods on class path...
[04:40:41] [Client thread/INFO]: Searching C:\Users\ccaud\Desktop\MultiMC\jars\NewLaunch.jar...
[04:40:41] [Client thread/INFO]: Discovering mods in valid mod files...
[04:40:41] [Client thread/INFO]: Discovering mods in valid mod files...
[04:40:41] [Client thread/INFO]: Searching C:\Users\ccaud\Desktop\MultiMC\instances\STB4\minecraft\mods\1.7.10\mod_worldeditcui_1.7.10_00_mc1.7.10.litemod...
[04:40:41] [Client thread/INFO]: Found 1 potential matches
[04:40:41] [Client thread/INFO]: Mod class discovery completed
[04:40:41] [Client thread/INFO]: LiteLoader begin POSTINIT...
[04:40:41] [Client thread/INFO]: Inhibiting sound handler reload
[04:40:41] [Client thread/INFO]: Registering interface provider com.mumfrey.liteloader.client.ClientEvents for API LiteLoader core API
[04:40:41] [Client thread/INFO]: Registering interface provider com.mumfrey.liteloader.client.PacketEventsClient for API LiteLoader core API
[04:40:41] [Client thread/INFO]: Registering interface provider com.mumfrey.liteloader.client.ClientPluginChannelsClient for API LiteLoader core API
[04:40:41] [Client thread/INFO]: Registering interface provider com.mumfrey.liteloader.core.ServerPluginChannels for API LiteLoader core API
[04:40:41] [Client thread/INFO]: Registering interface provider com.mumfrey.liteloader.messaging.MessageBus for API LiteLoader core API
[04:40:41] [Client thread/INFO]: Discovered 1 total mod(s), injected 0 tweak(s)
[04:40:41] [Client thread/INFO]: Loading mod from com.mumfrey.worldeditcui.LiteModWorldEditCUI
[04:40:41] [Client thread/INFO]: Baking listener list for ModLoadObserver with 0 listeners
[04:40:41] [Client thread/INFO]: Successfully added mod WorldEditCUI version 1.7.10_00
[04:40:41] [Client thread/INFO]: Adding "C:\Users\ccaud\Desktop\MultiMC\instances\STB4\minecraft\mods\1.7.10\mod_worldeditcui_1.7.10_00_mc1.7.10.litemod" to active resource pack set
[04:40:41] [Client thread/INFO]: Setting up "mod_worldeditcui_1.7.10_00_mc1.7.10.litemod" as mod resource pack with identifier "WorldEditCUI"
[04:40:41] [Client thread/INFO]: Successfully added "C:\Users\ccaud\Desktop\MultiMC\instances\STB4\minecraft\mods\1.7.10\mod_worldeditcui_1.7.10_00_mc1.7.10.litemod" to active resource pack set
[04:40:41] [Client thread/INFO]: Initialising mod WorldEditCUI version 1.7.10_00
[04:40:41] [Client thread/INFO]: Performing config upgrade for mod WorldEditCUI. Upgrading Unknown to 1.7.10_04...
[04:40:41] [Client thread/INFO]: Config upgrade succeeded for mod WorldEditCUI
[04:40:41] [Client thread/INFO]: Baking listener list for InterfaceObserver with 0 listeners
[04:42:08] [Client thread/INFO]: Calling late init for mod WorldEditCUI
[04:42:08] [Client thread/INFO]: Baking listener list for ViewportListener with 0 listeners
[04:42:08] [Client thread/INFO]: Sound handler reload inhibit removed
[04:42:08] [Client thread/INFO]: Reloading sound handler
[04:42:09] [Client thread/INFO]: Baking listener list for GameLoopListener with 0 listeners
[04:42:09] [Client thread/INFO]: Baking listener list for RenderListener with 0 listeners
[04:42:10] [Client thread/INFO]: Baking listener list for TickObserver with 3 listeners
[04:42:10] [Client thread/INFO]: Baking listener list for PostRenderObserver with 3 listeners
[04:42:10] [Client thread/INFO]: Baking listener list for Tickable with 1 listeners
[04:42:10] [Client thread/INFO]: Baking listener list for WorldObserver with 2 listeners
[04:42:10] [Client thread/INFO]: Baking listener list for FrameBufferListener with 0 listeners
[04:43:47] [Client thread/INFO]: LiteLoader is shutting down, shutting down core providers and syncing configuration
[04:43:47] [Client thread/INFO]: Baking listener list for ShutdownObserver with 2 listeners
